<?xml version="1.0" encoding="UTF-8"?>
<!-- Generated by org.testng.reporters.JUnitXMLReporter -->
<testsuite ignored="0" hostname="LAPTOP-EAG9CDBF" failures="0" tests="3" name="Test" time="275.071" errors="0" timestamp="2022-04-17T11:49:47 IST">
  <testcase classname="com.automation.testCases.HomePage_Test" name="arrivalNavigationTest" time="7.786"/>
  <testcase classname="com.automation.testCases.HomePage_Test" name="arrivals_Test" time="0.468"/>
  <testcase classname="com.automation.testCases.HomePage_Test" name="slider_Test" time="0.269"/>
</testsuite> <!-- Test -->
