<?xml version="1.0" encoding="UTF-8"?>
<testng-results ignored="0" total="3" passed="3" failed="0" skipped="0">
  <reporter-output>
  </reporter-output>
  <suite started-at="2022-04-17T11:45:12 IST" name="Suite" finished-at="2022-04-17T11:49:47 IST" duration-ms="275071">
    <groups>
    </groups>
    <test started-at="2022-04-17T11:45:12 IST" name="Test" finished-at="2022-04-17T11:49:47 IST" duration-ms="275071">
      <class name="com.automation.testCases.HomePage_Test">
        <test-method is-config="true" signature="initialization()[pri:0, instance:com.automation.testCases.HomePage_Test@1b6e1eff]" started-at="2022-04-17T11:45:13 IST" name="initialization" finished-at="2022-04-17T11:48:07 IST" duration-ms="174031" status="PASS">
          <reporter-output>
          </reporter-output>
        </test-method> <!-- initialization -->
        <test-method signature="arrivalNavigationTest()[pri:0, instance:com.automation.testCases.HomePage_Test@1b6e1eff]" started-at="2022-04-17T11:48:07 IST" name="arrivalNavigationTest" finished-at="2022-04-17T11:48:14 IST" duration-ms="7786" status="PASS">
          <reporter-output>
          </reporter-output>
        </test-method> <!-- arrivalNavigationTest -->
        <test-method is-config="true" signature="tearDown()[pri:0, instance:com.automation.testCases.HomePage_Test@1b6e1eff]" started-at="2022-04-17T11:48:14 IST" name="tearDown" finished-at="2022-04-17T11:48:18 IST" duration-ms="3974" status="PASS">
          <reporter-output>
          </reporter-output>
        </test-method> <!-- tearDown -->
        <test-method is-config="true" signature="initialization()[pri:0, instance:com.automation.testCases.HomePage_Test@1b6e1eff]" started-at="2022-04-17T11:48:18 IST" name="initialization" finished-at="2022-04-17T11:49:12 IST" duration-ms="53587" status="PASS">
          <reporter-output>
          </reporter-output>
        </test-method> <!-- initialization -->
        <test-method signature="arrivals_Test()[pri:0, instance:com.automation.testCases.HomePage_Test@1b6e1eff]" started-at="2022-04-17T11:49:12 IST" name="arrivals_Test" finished-at="2022-04-17T11:49:13 IST" duration-ms="468" status="PASS">
          <reporter-output>
          </reporter-output>
        </test-method> <!-- arrivals_Test -->
        <test-method is-config="true" signature="tearDown()[pri:0, instance:com.automation.testCases.HomePage_Test@1b6e1eff]" started-at="2022-04-17T11:49:13 IST" name="tearDown" finished-at="2022-04-17T11:49:14 IST" duration-ms="1158" status="PASS">
          <reporter-output>
          </reporter-output>
        </test-method> <!-- tearDown -->
        <test-method is-config="true" signature="initialization()[pri:0, instance:com.automation.testCases.HomePage_Test@1b6e1eff]" started-at="2022-04-17T11:49:14 IST" name="initialization" finished-at="2022-04-17T11:49:46 IST" duration-ms="32594" status="PASS">
          <reporter-output>
          </reporter-output>
        </test-method> <!-- initialization -->
        <test-method signature="slider_Test()[pri:0, instance:com.automation.testCases.HomePage_Test@1b6e1eff]" started-at="2022-04-17T11:49:46 IST" name="slider_Test" finished-at="2022-04-17T11:49:47 IST" duration-ms="269" status="PASS">
          <reporter-output>
          </reporter-output>
        </test-method> <!-- slider_Test -->
        <test-method is-config="true" signature="tearDown()[pri:0, instance:com.automation.testCases.HomePage_Test@1b6e1eff]" started-at="2022-04-17T11:49:47 IST" name="tearDown" finished-at="2022-04-17T11:49:47 IST" duration-ms="790" status="PASS">
          <reporter-output>
          </reporter-output>
        </test-method> <!-- tearDown -->
      </class> <!-- com.automation.testCases.HomePage_Test -->
    </test> <!-- Test -->
  </suite> <!-- Suite -->
</testng-results>
